<?xml version="1.0" encoding="utf-8" standalone="no"?>
<!--This file represents the results of running a test suite-->
<test-results name="C:\Users\ALEX\Desktop\Evolucion\TA2-Evolucion\NUnitTestProject\bin\Debug\NUnitTestProject.dll" total="12" errors="0" failures="0" not-run="0" inconclusive="0" ignored="0" skipped="0" invalid="0" date="2016-05-25" time="03:49:44">
  <environment nunit-version="2.6.4.14350" clr-version="2.0.50727.8689" os-version="Microsoft Windows NT 6.2.9200.0" platform="Win32NT" cwd="C:\Program Files (x86)\NUnit 2.6.4\bin" machine-name="LENOVO-PC" user="ALEX" user-domain="Lenovo-PC" />
  <culture-info current-culture="es-ES" current-uiculture="es-ES" />
  <test-suite type="Assembly" name="C:\Users\ALEX\Desktop\Evolucion\TA2-Evolucion\NUnitTestProject\bin\Debug\NUnitTestProject.dll" executed="True" result="Success" success="True" time="0.144" asserts="0">
    <results>
      <test-suite type="Namespace" name="NUnitTestProject" executed="True" result="Success" success="True" time="0.135" asserts="0">
        <results>
          <test-suite type="TestFixture" name="NUnitTest" executed="True" result="Success" success="True" time="0.134" asserts="0">
            <results>
              <test-case name="NUnitTestProject.NUnitTest.BuscarProductoPorCodigo" executed="True" result="Success" success="True" time="0.071" asserts="4" />
              <test-case name="NUnitTestProject.NUnitTest.BuscarProductoPorNombre" executed="True" result="Success" success="True" time="0.001" asserts="4" />
              <test-case name="NUnitTestProject.NUnitTest.GetListaNombres" executed="True" result="Success" success="True" time="0.002" asserts="1" />
              <test-case name="NUnitTestProject.NUnitTest.TestDivision" executed="True" result="Success" success="True" time="0.007" asserts="1" />
              <test-case name="NUnitTestProject.NUnitTest.TestGetDato" executed="True" result="Success" success="True" time="0.002" asserts="1" />
              <test-case name="NUnitTestProject.NUnitTest.TestGetLetra" executed="True" result="Success" success="True" time="0.007" asserts="1" />
              <test-case name="NUnitTestProject.NUnitTest.TestGetLista" executed="True" result="Success" success="True" time="0.001" asserts="1" />
              <test-case name="NUnitTestProject.NUnitTest.TestIngresoDato" executed="True" result="Success" success="True" time="0.001" asserts="1" />
              <test-case name="NUnitTestProject.NUnitTest.TestMayorA10" executed="True" result="Success" success="True" time="0.000" asserts="1" />
              <test-case name="NUnitTestProject.NUnitTest.TestNumeroEncontrado" executed="True" result="Success" success="True" time="0.001" asserts="1" />
              <test-case name="NUnitTestProject.NUnitTest.TestRestar" executed="True" result="Success" success="True" time="0.001" asserts="1" />
              <test-case name="NUnitTestProject.NUnitTest.TestSumar" executed="True" result="Success" success="True" time="0.000" asserts="1" />
            </results>
          </test-suite>
        </results>
      </test-suite>
    </results>
  </test-suite>
</test-results>